INFO:root:🚀 Starting data sync...
WARNING:root:API fetch failed (page 1), retrying 1/3: HTTPSConnectionPool(host='mtn-devicelending.theteller.net', port=443): Read timed out. (read timeout=20)
WARNING:root:API fetch failed (page 1), retrying 2/3: HTTPSConnectionPool(host='mtn-devicelending.theteller.net', port=443): Read timed out. (read timeout=20)
WARNING:root:API fetch failed (page 1), retrying 3/3: HTTPSConnectionPool(host='mtn-devicelending.theteller.net', port=443): Read timed out. (read timeout=20)
INFO:root:✅ Sync complete.
INFO:root:🚀 Starting data sync...
WARNING:root:API fetch failed (page 1), retrying 1/3: HTTPSConnectionPool(host='mtn-devicelending.theteller.net', port=443): Read timed out. (read timeout=20)
WARNING:root:API fetch failed (page 1), retrying 2/3: HTTPSConnectionPool(host='mtn-devicelending.theteller.net', port=443): Read timed out. (read timeout=20)
WARNING:root:API fetch failed (page 1), retrying 3/3: HTTPSConnectionPool(host='mtn-devicelending.theteller.net', port=443): Read timed out. (read timeout=20)
INFO:root:✅ Sync complete.
INFO:root:🚀 Starting data sync...
WARNING:root:API fetch failed (page 1), retrying 1/3: HTTPSConnectionPool(host='mtn-devicelending.theteller.net', port=443): Read timed out. (read timeout=20)
WARNING:root:API fetch failed (page 1), retrying 2/3: HTTPSConnectionPool(host='mtn-devicelending.theteller.net', port=443): Max retries exceeded with url: /customer-sessions (Caused by NameResolutionError("<urllib3.connection.HTTPSConnection object at 0x1044f3390>: Failed to resolve 'mtn-devicelending.theteller.net' ([Errno 8] nodename nor servname provided, or not known)"))
WARNING:root:API fetch failed (page 1), retrying 3/3: HTTPSConnectionPool(host='mtn-devicelending.theteller.net', port=443): Max retries exceeded with url: /customer-sessions (Caused by NameResolutionError("<urllib3.connection.HTTPSConnection object at 0x1044f3750>: Failed to resolve 'mtn-devicelending.theteller.net' ([Errno 8] nodename nor servname provided, or not known)"))
INFO:root:✅ Sync complete.
INFO:root:🚀 Starting data sync...
WARNING:root:API fetch failed (page 1), retrying 1/3: HTTPSConnectionPool(host='mtn-devicelending.theteller.net', port=443): Max retries exceeded with url: /customer-sessions (Caused by NameResolutionError("<urllib3.connection.HTTPSConnection object at 0x1044d74d0>: Failed to resolve 'mtn-devicelending.theteller.net' ([Errno 8] nodename nor servname provided, or not known)"))
WARNING:root:API fetch failed (page 1), retrying 2/3: HTTPSConnectionPool(host='mtn-devicelending.theteller.net', port=443): Max retries exceeded with url: /customer-sessions (Caused by NameResolutionError("<urllib3.connection.HTTPSConnection object at 0x1044d7610>: Failed to resolve 'mtn-devicelending.theteller.net' ([Errno 8] nodename nor servname provided, or not known)"))
WARNING:root:API fetch failed (page 1), retrying 3/3: HTTPSConnectionPool(host='mtn-devicelending.theteller.net', port=443): Max retries exceeded with url: /customer-sessions (Caused by NameResolutionError("<urllib3.connection.HTTPSConnection object at 0x1044d6d50>: Failed to resolve 'mtn-devicelending.theteller.net' ([Errno 8] nodename nor servname provided, or not known)"))
INFO:root:✅ Sync complete.
INFO:root:🚀 Starting data sync...
WARNING:root:API fetch failed (page 1), retrying 1/3: HTTPSConnectionPool(host='mtn-devicelending.theteller.net', port=443): Max retries exceeded with url: /customer-sessions (Caused by NameResolutionError("<urllib3.connection.HTTPSConnection object at 0x1044d5f90>: Failed to resolve 'mtn-devicelending.theteller.net' ([Errno 8] nodename nor servname provided, or not known)"))
WARNING:root:API fetch failed (page 1), retrying 2/3: HTTPSConnectionPool(host='mtn-devicelending.theteller.net', port=443): Max retries exceeded with url: /customer-sessions (Caused by NameResolutionError("<urllib3.connection.HTTPSConnection object at 0x1044d6350>: Failed to resolve 'mtn-devicelending.theteller.net' ([Errno 8] nodename nor servname provided, or not known)"))
WARNING:root:API fetch failed (page 1), retrying 3/3: HTTPSConnectionPool(host='mtn-devicelending.theteller.net', port=443): Max retries exceeded with url: /customer-sessions (Caused by NameResolutionError("<urllib3.connection.HTTPSConnection object at 0x1044d4a50>: Failed to resolve 'mtn-devicelending.theteller.net' ([Errno 8] nodename nor servname provided, or not known)"))
INFO:root:✅ Sync complete.
INFO:root:🚀 Starting data sync...
WARNING:root:API fetch failed (page 1), retrying 1/3: HTTPSConnectionPool(host='mtn-devicelending.theteller.net', port=443): Max retries exceeded with url: /customer-sessions (Caused by NameResolutionError("<urllib3.connection.HTTPSConnection object at 0x10441f4d0>: Failed to resolve 'mtn-devicelending.theteller.net' ([Errno 8] nodename nor servname provided, or not known)"))
WARNING:root:API fetch failed (page 1), retrying 2/3: HTTPSConnectionPool(host='mtn-devicelending.theteller.net', port=443): Max retries exceeded with url: /customer-sessions (Caused by NameResolutionError("<urllib3.connection.HTTPSConnection object at 0x104554f50>: Failed to resolve 'mtn-devicelending.theteller.net' ([Errno 8] nodename nor servname provided, or not known)"))
WARNING:root:API fetch failed (page 1), retrying 3/3: HTTPSConnectionPool(host='mtn-devicelending.theteller.net', port=443): Max retries exceeded with url: /customer-sessions (Caused by NameResolutionError("<urllib3.connection.HTTPSConnection object at 0x104554e10>: Failed to resolve 'mtn-devicelending.theteller.net' ([Errno 8] nodename nor servname provided, or not known)"))
INFO:root:✅ Sync complete.
INFO:root:🚀 Starting data sync...
WARNING:root:API fetch failed (page 1), retrying 1/3: HTTPSConnectionPool(host='mtn-devicelending.theteller.net', port=443): Max retries exceeded with url: /customer-sessions (Caused by NameResolutionError("<urllib3.connection.HTTPSConnection object at 0x104555f90>: Failed to resolve 'mtn-devicelending.theteller.net' ([Errno 8] nodename nor servname provided, or not known)"))
WARNING:root:API fetch failed (page 1), retrying 2/3: HTTPSConnectionPool(host='mtn-devicelending.theteller.net', port=443): Max retries exceeded with url: /customer-sessions (Caused by NameResolutionError("<urllib3.connection.HTTPSConnection object at 0x104556350>: Failed to resolve 'mtn-devicelending.theteller.net' ([Errno 8] nodename nor servname provided, or not known)"))
WARNING:root:API fetch failed (page 1), retrying 3/3: HTTPSConnectionPool(host='mtn-devicelending.theteller.net', port=443): Max retries exceeded with url: /customer-sessions (Caused by NameResolutionError("<urllib3.connection.HTTPSConnection object at 0x104556d50>: Failed to resolve 'mtn-devicelending.theteller.net' ([Errno 8] nodename nor servname provided, or not known)"))
INFO:root:✅ Sync complete.
INFO:root:🚀 Starting data sync...
WARNING:root:API fetch failed (page 1), retrying 1/3: HTTPSConnectionPool(host='mtn-devicelending.theteller.net', port=443): Max retries exceeded with url: /customer-sessions (Caused by NameResolutionError("<urllib3.connection.HTTPSConnection object at 0x104532210>: Failed to resolve 'mtn-devicelending.theteller.net' ([Errno 8] nodename nor servname provided, or not known)"))
WARNING:root:API fetch failed (page 1), retrying 2/3: HTTPSConnectionPool(host='mtn-devicelending.theteller.net', port=443): Max retries exceeded with url: /customer-sessions (Caused by NameResolutionError("<urllib3.connection.HTTPSConnection object at 0x1044d7610>: Failed to resolve 'mtn-devicelending.theteller.net' ([Errno 8] nodename nor servname provided, or not known)"))
WARNING:root:API fetch failed (page 1), retrying 3/3: HTTPSConnectionPool(host='mtn-devicelending.theteller.net', port=443): Max retries exceeded with url: /customer-sessions (Caused by NameResolutionError("<urllib3.connection.HTTPSConnection object at 0x1044d5a90>: Failed to resolve 'mtn-devicelending.theteller.net' ([Errno 8] nodename nor servname provided, or not known)"))
INFO:root:✅ Sync complete.
INFO:root:🚀 Starting data sync...
WARNING:root:API fetch failed (page 1), retrying 1/3: HTTPSConnectionPool(host='mtn-devicelending.theteller.net', port=443): Max retries exceeded with url: /customer-sessions (Caused by NameResolutionError("<urllib3.connection.HTTPSConnection object at 0x10450e5d0>: Failed to resolve 'mtn-devicelending.theteller.net' ([Errno 8] nodename nor servname provided, or not known)"))
WARNING:root:API fetch failed (page 1), retrying 2/3: HTTPSConnectionPool(host='mtn-devicelending.theteller.net', port=443): Max retries exceeded with url: /customer-sessions (Caused by NameResolutionError("<urllib3.connection.HTTPSConnection object at 0x10450dd10>: Failed to resolve 'mtn-devicelending.theteller.net' ([Errno 8] nodename nor servname provided, or not known)"))
WARNING:root:API fetch failed (page 1), retrying 3/3: HTTPSConnectionPool(host='mtn-devicelending.theteller.net', port=443): Max retries exceeded with url: /customer-sessions (Caused by NameResolutionError("<urllib3.connection.HTTPSConnection object at 0x10450e210>: Failed to resolve 'mtn-devicelending.theteller.net' ([Errno 8] nodename nor servname provided, or not known)"))
INFO:root:✅ Sync complete.
INFO:root:🚀 Starting data sync...
WARNING:root:API fetch failed (page 1), retrying 1/3: HTTPSConnectionPool(host='mtn-devicelending.theteller.net', port=443): Read timed out. (read timeout=20)
WARNING:root:API fetch failed (page 1), retrying 2/3: HTTPSConnectionPool(host='mtn-devicelending.theteller.net', port=443): Read timed out. (read timeout=20)
WARNING:root:API fetch failed (page 1), retrying 3/3: HTTPSConnectionPool(host='mtn-devicelending.theteller.net', port=443): Read timed out. (read timeout=20)
INFO:root:✅ Sync complete.
INFO:root:🚀 Starting data sync...
WARNING:root:API fetch failed (page 1), retrying 1/3: HTTPSConnectionPool(host='mtn-devicelending.theteller.net', port=443): Read timed out. (read timeout=20)
WARNING:root:API fetch failed (page 1), retrying 2/3: HTTPSConnectionPool(host='mtn-devicelending.theteller.net', port=443): Read timed out. (read timeout=20)
WARNING:root:API fetch failed (page 1), retrying 3/3: HTTPSConnectionPool(host='mtn-devicelending.theteller.net', port=443): Read timed out. (read timeout=20)
INFO:root:✅ Sync complete.
INFO:root:🚀 Starting data sync...
WARNING:root:API fetch failed (page 1), retrying 1/3: HTTPSConnectionPool(host='mtn-devicelending.theteller.net', port=443): Read timed out. (read timeout=20)
WARNING:root:API fetch failed (page 1), retrying 2/3: HTTPSConnectionPool(host='mtn-devicelending.theteller.net', port=443): Read timed out. (read timeout=20)
WARNING:root:API fetch failed (page 1), retrying 3/3: 502 Server Error: Bad Gateway for url: https://mtn-devicelending.theteller.net/customer-sessions
INFO:root:✅ Sync complete.
INFO:root:🚀 Starting data sync...
WARNING:root:API fetch failed (page 1), retrying 1/3: HTTPSConnectionPool(host='mtn-devicelending.theteller.net', port=443): Read timed out. (read timeout=20)
WARNING:root:API fetch failed (page 1), retrying 2/3: HTTPSConnectionPool(host='mtn-devicelending.theteller.net', port=443): Read timed out. (read timeout=20)
WARNING:root:API fetch failed (page 1), retrying 3/3: HTTPSConnectionPool(host='mtn-devicelending.theteller.net', port=443): Read timed out. (read timeout=20)
INFO:root:✅ Sync complete.
INFO:root:🚀 Starting data sync...
WARNING:root:API fetch failed (page 1), retrying 1/3: HTTPSConnectionPool(host='mtn-devicelending.theteller.net', port=443): Read timed out. (read timeout=20)
WARNING:root:API fetch failed (page 1), retrying 2/3: HTTPSConnectionPool(host='mtn-devicelending.theteller.net', port=443): Read timed out. (read timeout=20)
WARNING:root:API fetch failed (page 1), retrying 3/3: HTTPSConnectionPool(host='mtn-devicelending.theteller.net', port=443): Read timed out. (read timeout=20)
INFO:root:✅ Sync complete.
INFO:root:🚀 Starting data sync...
WARNING:root:API fetch failed (page 1), retrying 1/3: HTTPSConnectionPool(host='mtn-devicelending.theteller.net', port=443): Read timed out. (read timeout=20)
WARNING:root:API fetch failed (page 1), retrying 2/3: HTTPSConnectionPool(host='mtn-devicelending.theteller.net', port=443): Read timed out. (read timeout=20)
WARNING:root:API fetch failed (page 1), retrying 3/3: HTTPSConnectionPool(host='mtn-devicelending.theteller.net', port=443): Read timed out. (read timeout=20)
INFO:root:✅ Sync complete.
INFO:root:🚀 Starting data sync...
WARNING:root:API fetch failed (page 1), retrying 1/3: HTTPSConnectionPool(host='mtn-devicelending.theteller.net', port=443): Read timed out. (read timeout=20)
WARNING:root:API fetch failed (page 1), retrying 2/3: HTTPSConnectionPool(host='mtn-devicelending.theteller.net', port=443): Read timed out. (read timeout=20)
WARNING:root:API fetch failed (page 1), retrying 3/3: HTTPSConnectionPool(host='mtn-devicelending.theteller.net', port=443): Read timed out. (read timeout=20)
INFO:root:✅ Sync complete.
INFO:root:🚀 Starting data sync...
WARNING:root:API fetch failed (page 1), retrying 1/3: HTTPSConnectionPool(host='mtn-devicelending.theteller.net', port=443): Read timed out. (read timeout=20)
WARNING:root:API fetch failed (page 1), retrying 2/3: HTTPSConnectionPool(host='mtn-devicelending.theteller.net', port=443): Read timed out. (read timeout=20)
WARNING:root:API fetch failed (page 1), retrying 3/3: HTTPSConnectionPool(host='mtn-devicelending.theteller.net', port=443): Read timed out. (read timeout=20)
INFO:root:✅ Sync complete.
INFO:root:🚀 Starting data sync...
WARNING:root:API fetch failed (page 1), retrying 1/3: HTTPSConnectionPool(host='mtn-devicelending.theteller.net', port=443): Read timed out. (read timeout=20)
WARNING:root:API fetch failed (page 1), retrying 2/3: HTTPSConnectionPool(host='mtn-devicelending.theteller.net', port=443): Read timed out. (read timeout=20)
WARNING:root:API fetch failed (page 1), retrying 3/3: HTTPSConnectionPool(host='mtn-devicelending.theteller.net', port=443): Read timed out. (read timeout=20)
INFO:root:✅ Sync complete.
INFO:root:🚀 Starting data sync...
WARNING:root:API fetch failed (page 1), retrying 1/3: HTTPSConnectionPool(host='mtn-devicelending.theteller.net', port=443): Read timed out. (read timeout=20)
WARNING:root:API fetch failed (page 1), retrying 2/3: HTTPSConnectionPool(host='mtn-devicelending.theteller.net', port=443): Read timed out. (read timeout=20)
WARNING:root:API fetch failed (page 1), retrying 3/3: HTTPSConnectionPool(host='mtn-devicelending.theteller.net', port=443): Read timed out. (read timeout=20)
INFO:root:✅ Sync complete.
INFO:root:🚀 Starting data sync...
WARNING:root:API fetch failed (page 1), retrying 1/3: HTTPSConnectionPool(host='mtn-devicelending.theteller.net', port=443): Read timed out. (read timeout=20)
WARNING:root:API fetch failed (page 1), retrying 2/3: HTTPSConnectionPool(host='mtn-devicelending.theteller.net', port=443): Read timed out. (read timeout=20)
WARNING:root:API fetch failed (page 1), retrying 3/3: HTTPSConnectionPool(host='mtn-devicelending.theteller.net', port=443): Read timed out. (read timeout=20)
INFO:root:✅ Sync complete.
INFO:root:🚀 Starting data sync...
WARNING:root:API fetch failed (page 1), retrying 1/3: HTTPSConnectionPool(host='mtn-devicelending.theteller.net', port=443): Read timed out. (read timeout=20)
WARNING:root:API fetch failed (page 1), retrying 2/3: HTTPSConnectionPool(host='mtn-devicelending.theteller.net', port=443): Read timed out. (read timeout=20)
WARNING:root:API fetch failed (page 1), retrying 3/3: HTTPSConnectionPool(host='mtn-devicelending.theteller.net', port=443): Read timed out. (read timeout=20)
INFO:root:✅ Sync complete.
INFO:root:🚀 Starting data sync...
WARNING:root:API fetch failed (page 1), retrying 1/3: HTTPSConnectionPool(host='mtn-devicelending.theteller.net', port=443): Read timed out. (read timeout=20)
WARNING:root:API fetch failed (page 1), retrying 2/3: HTTPSConnectionPool(host='mtn-devicelending.theteller.net', port=443): Read timed out. (read timeout=20)
WARNING:root:API fetch failed (page 1), retrying 3/3: HTTPSConnectionPool(host='mtn-devicelending.theteller.net', port=443): Read timed out. (read timeout=20)
INFO:root:✅ Sync complete.
INFO:root:🚀 Starting data sync...
WARNING:root:API fetch failed (page 1), retrying 1/3: HTTPSConnectionPool(host='mtn-devicelending.theteller.net', port=443): Read timed out. (read timeout=20)
WARNING:root:API fetch failed (page 1), retrying 2/3: HTTPSConnectionPool(host='mtn-devicelending.theteller.net', port=443): Read timed out. (read timeout=20)
WARNING:root:API fetch failed (page 1), retrying 3/3: HTTPSConnectionPool(host='mtn-devicelending.theteller.net', port=443): Read timed out. (read timeout=20)
INFO:root:✅ Sync complete.
INFO:root:🚀 Starting data sync...
WARNING:root:API fetch failed (page 1), retrying 1/3: HTTPSConnectionPool(host='mtn-devicelending.theteller.net', port=443): Max retries exceeded with url: /customer-sessions (Caused by NameResolutionError("<urllib3.connection.HTTPSConnection object at 0x10455ad50>: Failed to resolve 'mtn-devicelending.theteller.net' ([Errno 8] nodename nor servname provided, or not known)"))
WARNING:root:API fetch failed (page 1), retrying 2/3: HTTPSConnectionPool(host='mtn-devicelending.theteller.net', port=443): Max retries exceeded with url: /customer-sessions (Caused by NameResolutionError("<urllib3.connection.HTTPSConnection object at 0x104558190>: Failed to resolve 'mtn-devicelending.theteller.net' ([Errno 8] nodename nor servname provided, or not known)"))
WARNING:root:API fetch failed (page 1), retrying 3/3: HTTPSConnectionPool(host='mtn-devicelending.theteller.net', port=443): Max retries exceeded with url: /customer-sessions (Caused by NameResolutionError("<urllib3.connection.HTTPSConnection object at 0x104559310>: Failed to resolve 'mtn-devicelending.theteller.net' ([Errno 8] nodename nor servname provided, or not known)"))
INFO:root:✅ Sync complete.
INFO:root:🚀 Starting data sync...
WARNING:root:API fetch failed (page 1), retrying 1/3: HTTPSConnectionPool(host='mtn-devicelending.theteller.net', port=443): Max retries exceeded with url: /customer-sessions (Caused by NameResolutionError("<urllib3.connection.HTTPSConnection object at 0x104532850>: Failed to resolve 'mtn-devicelending.theteller.net' ([Errno 8] nodename nor servname provided, or not known)"))
WARNING:root:API fetch failed (page 1), retrying 2/3: HTTPSConnectionPool(host='mtn-devicelending.theteller.net', port=443): Max retries exceeded with url: /customer-sessions (Caused by NameResolutionError("<urllib3.connection.HTTPSConnection object at 0x104531950>: Failed to resolve 'mtn-devicelending.theteller.net' ([Errno 8] nodename nor servname provided, or not known)"))
WARNING:root:API fetch failed (page 1), retrying 3/3: HTTPSConnectionPool(host='mtn-devicelending.theteller.net', port=443): Max retries exceeded with url: /customer-sessions (Caused by NameResolutionError("<urllib3.connection.HTTPSConnection object at 0x104532e90>: Failed to resolve 'mtn-devicelending.theteller.net' ([Errno 8] nodename nor servname provided, or not known)"))
INFO:root:✅ Sync complete.
INFO:root:🚀 Starting data sync...
WARNING:root:API fetch failed (page 1), retrying 1/3: HTTPSConnectionPool(host='mtn-devicelending.theteller.net', port=443): Max retries exceeded with url: /customer-sessions (Caused by NameResolutionError("<urllib3.connection.HTTPSConnection object at 0x10455afd0>: Failed to resolve 'mtn-devicelending.theteller.net' ([Errno 8] nodename nor servname provided, or not known)"))
WARNING:root:API fetch failed (page 1), retrying 2/3: HTTPSConnectionPool(host='mtn-devicelending.theteller.net', port=443): Max retries exceeded with url: /customer-sessions (Caused by NameResolutionError("<urllib3.connection.HTTPSConnection object at 0x104559bd0>: Failed to resolve 'mtn-devicelending.theteller.net' ([Errno 8] nodename nor servname provided, or not known)"))
WARNING:root:API fetch failed (page 1), retrying 3/3: HTTPSConnectionPool(host='mtn-devicelending.theteller.net', port=443): Max retries exceeded with url: /customer-sessions (Caused by NameResolutionError("<urllib3.connection.HTTPSConnection object at 0x10455a210>: Failed to resolve 'mtn-devicelending.theteller.net' ([Errno 8] nodename nor servname provided, or not known)"))
INFO:root:✅ Sync complete.
